<?xml version="1.0" encoding="UTF-8"?>
<!-- Generated by org.testng.reporters.JUnitXMLReporter -->
<testsuite ignored="2" hostname="HPEliteBook" failures="0" tests="3" name="Test" time="4.639" errors="0" timestamp="2024-07-27T10:39:42 IST">
  <testcase classname="org.testRunner.Positivelogin" name="testCase003" time="1.322"/>
  <testcase classname="org.testRunner.AppointmentestRunner" name="testcase002" time="1.145"/>
  <testcase classname="org.testRunner.HistorytestRunner" name="testCase004" time="1.127"/>
  <testcase classname="org.base.ProjectSpecification" name="@BeforeSuite browserLaunch" time="0.0">
    <ignored/>
  </testcase> <!-- @BeforeSuite browserLaunch -->
  <testcase classname="org.base.ProjectSpecification" name="@BeforeSuite browserLaunch" time="0.0">
    <ignored/>
  </testcase> <!-- @BeforeSuite browserLaunch -->
</testsuite> <!-- Test -->
